<?xml version="1.0" encoding="UTF-8"?>
<!-- Generated by org.testng.reporters.JUnitReportReporter -->
<testsuite hostname="win-Local-Admin-42BP893" failures="0" tests="4" name="api.test.UserTests" time="5.066" errors="0" timestamp="2023-06-09T21:38:17 CEST" skipped="0">
  <testcase classname="api.test.UserTests" name="testPostUser" time="2.778"/>
  <system-out/>
  <testcase classname="api.test.UserTests" name="testGetUserByName" time="0.604"/>
  <system-out/>
  <testcase classname="api.test.UserTests" name="testUpdateUserByName" time="1.120"/>
  <system-out/>
  <testcase classname="api.test.UserTests" name="testDeleteUserByName" time="0.564"/>
  <system-out/>
</testsuite> <!-- api.test.UserTests -->
